
1) Add data
2) Display data
3) Remove class
4) Load XML
5) Write XML
6) Find feature
7) Calculate species
0) Quit
Choice:> [34;1m4[0m
 file name:> [34;1mfullClean.xml[0m
 
1) Add data
2) Display data
3) Remove class
4) Load XML
5) Write XML
6) Find feature
7) Calculate species
0) Quit
Choice:> [34;1m6[0m
 feature:> [34;1mfur[0m
 class: mammalia
feature: fur
--order: Carnivora
--feature: carnivore
----family: Canidae
----feature: Fangs, Tail
------genus: 12  species: 37  examples: Dog, Wolf, Coyote
----family: felidae
----feature: Fangs, retractable claws, Tail
------genus: 18  species: 36  examples: Lion, tiger, domestic cat
--order: Cetacea
--feature: aquatic
----family: Delphinidae
----feature: echolocation, beak
------genus: 17  species: 32  examples: dolphins, porpoises, and whales


1) Add data
2) Display data
3) Remove class
4) Load XML
5) Write XML
6) Find feature
7) Calculate species
0) Quit
Choice:> [34;1m6[0m
 feature:> [34;1mcarnivore[0m
 order: Carnivora
feature: carnivore
--family: Canidae
--feature: Fangs, Tail
----genus: 12  species: 37  examples: Dog, Wolf, Coyote
--family: felidae
--feature: Fangs, retractable claws, Tail
----genus: 18  species: 36  examples: Lion, tiger, domestic cat


1) Add data
2) Display data
3) Remove class
4) Load XML
5) Write XML
6) Find feature
7) Calculate species
0) Quit
Choice:> [34;1m6[0m
 feature:> [34;1mfangs[0m
 family: Canidae
feature: Fangs, Tail
--genus: 12  species: 37  examples: Dog, Wolf, Coyote


1) Add data
2) Display data
3) Remove class
4) Load XML
5) Write XML
6) Find feature
7) Calculate species
0) Quit
Choice:> [34;1m6[0m
 feature:> [34;1maquatic[0m
 order: Cetacea
feature: aquatic
--family: Delphinidae
--feature: echolocation, beak
----genus: 17  species: 32  examples: dolphins, porpoises, and whales


1) Add data
2) Display data
3) Remove class
4) Load XML
5) Write XML
6) Find feature
7) Calculate species
0) Quit
Choice:> [34;1m6[0m
 feature:> [34;1mground feeder[0m
 order: galliforme
feature: chicken-like, ground feeder
--family: phasianidae
--feature: terrestrial
----genus: 12  species: 150  examples: Turkeys, Chickens, Quails


1) Add data
2) Display data
3) Remove class
4) Load XML
5) Write XML
6) Find feature
7) Calculate species
0) Quit
Choice:> [34;1m6[0m
 feature:> [34;1mbroad head[0m
 family: Sphyrnidae
feature: broad head
--genus: 2  species: 9  examples: hammerhead shark


1) Add data
2) Display data
3) Remove class
4) Load XML
5) Write XML
6) Find feature
7) Calculate species
0) Quit
Choice:> [34;1m6[0m
 feature:> [34;1mxyz[0m
 xyz not found

1) Add data
2) Display data
3) Remove class
4) Load XML
5) Write XML
6) Find feature
7) Calculate species
0) Quit
Choice:> [34;1m1[0m
 what class:> [34;1maves[0m
 what order:> [34;1mPasseriformes[0m
added order
continue (y/n):> [34;1my[0m
 what family:> [34;1mTurdidae[0m
added family
continue (y/n):> [34;1my[0m
 add feature (y/n):> [34;1my[0m
 what feature:> [34;1msings[0m
 add feature (y/n):> [34;1mn[0m
 add summary (y/n):> [34;1mn[0m
 
1) Add data
2) Display data
3) Remove class
4) Load XML
5) Write XML
6) Find feature
7) Calculate species
0) Quit
Choice:> [34;1m2[0m
 class: mammalia
feature: fur
--order: Carnivora
--feature: carnivore
----family: Canidae
----feature: Fangs, Tail
------genus: 12  species: 37  examples: Dog, Wolf, Coyote
----family: felidae
----feature: Fangs, retractable claws, Tail
------genus: 18  species: 36  examples: Lion, tiger, domestic cat
--order: Cetacea
--feature: aquatic
----family: Delphinidae
----feature: echolocation, beak
------genus: 17  species: 32  examples: dolphins, porpoises, and whales
class: aves
feature: feathers, beak
--order: galliforme
--feature: chicken-like, ground feeder
----family: phasianidae
----feature: terrestrial
------genus: 12  species: 150  examples: Turkeys, Chickens, Quails
--order: Falconiformes
--feature: diurnal, carnivore
----family: Apterygidae
----feature: small
------genus: 67  species: 233  examples: Eagle, Hawk, Kites
--order: Struthioniformes
--feature: flightless, omnivore, three-toed
----family: Apterygidae
----feature: small
------genus: 1  species: 5  examples: Kiwi
----family: Dromaiidae
----feature: tail-less
------genus: 1  species: 1  examples: Emu
----family: Struthionidae
----feature: large
------genus: 1  species: 2  examples: Ostrich
--order: passeriformes
--feature: 
----family: turdidae
----feature: sings
------genus: 0  species: 0  examples: 
class: Chondrichthyes
feature: aquatic, cartilage skeleton, gills
--order: Carcharhiniformes
--feature: dorsal fim
----family: Sphyrnidae
----feature: broad head
------genus: 2  species: 9  examples: hammerhead shark


1) Add data
2) Display data
3) Remove class
4) Load XML
5) Write XML
6) Find feature
7) Calculate species
0) Quit
Choice:> [34;1m6[0m
 feature:> [34;1msings[0m
 family: turdidae
feature: sings
--genus: 0  species: 0  examples: 


1) Add data
2) Display data
3) Remove class
4) Load XML
5) Write XML
6) Find feature
7) Calculate species
0) Quit
Choice:> [34;1m0[0m
 
